[33m[NOTE][m Installing unzip ...
Sync Explicit (1): unzip-6.0-20
Sync Explicit (1): unzip-6.0-20
resolving dependencies...
resolving dependencies...
looking for conflicting packages...
looking for conflicting packages...

Package (1)  New Version  Net Change  Download Size

extra/unzip  6.0-20         0.30 MiB       0.14 MiB

Total Download Size:   0.14 MiB
Total Installed Size:  0.30 MiB

:: Proceed with installation? [Y/n] 
:: Retrieving packages...

Package (1)  New Version  Net Change  Download Size

extra/unzip  6.0-20         0.30 MiB       0.14 MiB

Total Download Size:   0.14 MiB
Total Installed Size:  0.30 MiB

:: Proceed with installation? [Y/n] 
:: Retrieving packages...
 unzip-6.0-20-x86_64 downloading...
checking keyring...
 unzip-6.0-20-x86_64 downloading...
checking keyring...
checking package integrity...
checking package integrity...
loading package files...
loading package files...
checking for file conflicts...
checking for file conflicts...
checking available disk space...
checking available disk space...
:: Processing package changes...
installing unzip...
:: Processing package changes...
installing unzip...
:: Running post-transaction hooks...
(1/1) Arming ConditionNeedsUpdate...
:: Running post-transaction hooks...
(1/1) Arming ConditionNeedsUpdate...
[1A[K[32m[OK][m unzip was installed.
