[33m[NOTE][m Installing xdg-desktop-portal-hyprland ...
Sync Explicit (1): xdg-desktop-portal-hyprland-1.2.5-1
Sync Explicit (1): xdg-desktop-portal-hyprland-1.2.5-1
resolving dependencies...
resolving dependencies...
looking for conflicting packages...
looking for conflicting packages...

Package (12)                       New Version  Net Change  Download Size

extra/geoclue                      2.7.1-1        1.55 MiB       0.22 MiB
extra/libb2                        0.98.1-2       0.12 MiB       0.04 MiB
core/libinih                       57-1           0.05 MiB       0.02 MiB
extra/qt6-base                     6.6.0-3       56.15 MiB      13.63 MiB
extra/qt6-declarative              6.6.0-1       82.97 MiB      12.28 MiB
extra/qt6-translations             6.6.0-1       12.89 MiB       1.69 MiB
extra/qt6-wayland                  6.6.0-2        7.08 MiB       1.11 MiB
extra/rtkit                        0.13-2         0.08 MiB       0.03 MiB
extra/sdbus-cpp                    1.3.0-1        0.69 MiB       0.19 MiB
extra/vulkan-headers               1:1.3.269-1   24.66 MiB       1.14 MiB
extra/xdg-desktop-portal           1.18.2-1       2.28 MiB       0.40 MiB
extra/xdg-desktop-portal-hyprland  1.2.5-1        0.48 MiB       0.18 MiB

Total Download Size:    30.93 MiB
Total Installed Size:  189.02 MiB

:: Proceed with installation? [Y/n] 
:: Retrieving packages...

Package (12)                       New Version  Net Change  Download Size

extra/geoclue                      2.7.1-1        1.55 MiB       0.22 MiB
extra/libb2                        0.98.1-2       0.12 MiB       0.04 MiB
core/libinih                       57-1           0.05 MiB       0.02 MiB
extra/qt6-base                     6.6.0-3       56.15 MiB      13.63 MiB
extra/qt6-declarative              6.6.0-1       82.97 MiB      12.28 MiB
extra/qt6-translations             6.6.0-1       12.89 MiB       1.69 MiB
extra/qt6-wayland                  6.6.0-2        7.08 MiB       1.11 MiB
extra/rtkit                        0.13-2         0.08 MiB       0.03 MiB
extra/sdbus-cpp                    1.3.0-1        0.69 MiB       0.19 MiB
extra/vulkan-headers               1:1.3.269-1   24.66 MiB       1.14 MiB
extra/xdg-desktop-portal           1.18.2-1       2.28 MiB       0.40 MiB
extra/xdg-desktop-portal-hyprland  1.2.5-1        0.48 MiB       0.18 MiB

Total Download Size:    30.93 MiB
Total Installed Size:  189.02 MiB

:: Proceed with installation? [Y/n] 
:: Retrieving packages...
 qt6-base-6.6.0-3-x86_64 downloading...
 qt6-declarative-6.6.0-1-x86_64 downloading...
 qt6-translations-6.6.0-1-any downloading...
 vulkan-headers-1:1.3.269-1-any downloading...
 qt6-wayland-6.6.0-2-x86_64 downloading...
 xdg-desktop-portal-1.18.2-1-x86_64 downloading...
 geoclue-2.7.1-1-x86_64 downloading...
 sdbus-cpp-1.3.0-1-x86_64 downloading...
 xdg-desktop-portal-hyprland-1.2.5-1-x86_64 downloading...
 libb2-0.98.1-2-x86_64 downloading...
 rtkit-0.13-2-x86_64 downloading...
 libinih-57-1-x86_64 downloading...
checking keyring...
 qt6-base-6.6.0-3-x86_64 downloading...
 qt6-declarative-6.6.0-1-x86_64 downloading...
 qt6-translations-6.6.0-1-any downloading...
 vulkan-headers-1:1.3.269-1-any downloading...
 qt6-wayland-6.6.0-2-x86_64 downloading...
 xdg-desktop-portal-1.18.2-1-x86_64 downloading...
 geoclue-2.7.1-1-x86_64 downloading...
 sdbus-cpp-1.3.0-1-x86_64 downloading...
 xdg-desktop-portal-hyprland-1.2.5-1-x86_64 downloading...
 libb2-0.98.1-2-x86_64 downloading...
 rtkit-0.13-2-x86_64 downloading...
 libinih-57-1-x86_64 downloading...
checking keyring...
checking package integrity...
checking package integrity...
loading package files...
loading package files...
checking for file conflicts...
checking for file conflicts...
checking available disk space...
checking available disk space...
:: Processing package changes...
installing libinih...
:: Processing package changes...
installing libinih...
installing libb2...
installing libb2...
installing vulkan-headers...
installing vulkan-headers...
installing qt6-translations...
installing qt6-translations...
installing qt6-base...
installing qt6-base...
Optional dependencies for qt6-base
    freetds: MS SQL driver
    gdk-pixbuf2: GTK platform plugin [installed]
    gtk3: GTK platform plugin [installed]
    libfbclient: Firebird/iBase driver
    mariadb-libs: MariaDB driver
    pango: GTK platform plugin [installed]
    perl: for syncqt [installed]
    postgresql-libs: PostgreSQL driver
    qt6-wayland: to run Qt6 applications in a Wayland session [pending]
    unixodbc: ODBC driver
installing qt6-declarative...
Optional dependencies for qt6-base
    freetds: MS SQL driver
    gdk-pixbuf2: GTK platform plugin [installed]
    gtk3: GTK platform plugin [installed]
    libfbclient: Firebird/iBase driver
    mariadb-libs: MariaDB driver
    pango: GTK platform plugin [installed]
    perl: for syncqt [installed]
    postgresql-libs: PostgreSQL driver
    qt6-wayland: to run Qt6 applications in a Wayland session [pending]
    unixodbc: ODBC driver
installing qt6-declarative...
Optional dependencies for qt6-declarative
    qt6-languageserver: for qmlls
installing qt6-wayland...
Optional dependencies for qt6-declarative
    qt6-languageserver: for qmlls
installing qt6-wayland...
installing sdbus-cpp...
installing sdbus-cpp...
installing geoclue...
installing geoclue...
Optional dependencies for geoclue
    libnotify: Demo Agent [installed]
installing rtkit...
Optional dependencies for geoclue
    libnotify: Demo Agent [installed]
installing rtkit...
installing xdg-desktop-portal...
installing xdg-desktop-portal...
Optional dependencies for xdg-desktop-portal
    xdg-desktop-portal-impl: Portal backends [pending]
installing xdg-desktop-portal-hyprland...
Optional dependencies for xdg-desktop-portal
    xdg-desktop-portal-impl: Portal backends [pending]
installing xdg-desktop-portal-hyprland...
Optional dependencies for xdg-desktop-portal-hyprland
    grim: required for the screenshot portal to function [installed]
    slurp: support for interactive mode for the screenshot portal [installed]
Optional dependencies for xdg-desktop-portal-hyprland
    grim: required for the screenshot portal to function [installed]
    slurp: support for interactive mode for the screenshot portal [installed]
:: Running post-transaction hooks...
(1/6) Creating system user accounts...
:: Running post-transaction hooks...
(1/6) Creating system user accounts...
Creating group 'geoclue' with GID 968.
Creating group 'geoclue' with GID 968.
Creating user 'geoclue' (Geoinformation service) with UID 968 and GID 968.
Creating user 'geoclue' (Geoinformation service) with UID 968 and GID 968.
Creating group 'rtkit' with GID 133.
Creating group 'rtkit' with GID 133.
Creating user 'rtkit' (RealtimeKit) with UID 133 and GID 133.
Creating user 'rtkit' (RealtimeKit) with UID 133 and GID 133.
(2/6) Reloading system manager configuration...
(2/6) Reloading system manager configuration...
(3/6) Creating temporary files...
(3/6) Creating temporary files...
(4/6) Arming ConditionNeedsUpdate...
(4/6) Arming ConditionNeedsUpdate...
(5/6) Reloading system bus configuration...
(5/6) Reloading system bus configuration...
(6/6) Updating the desktop file MIME type cache...
(6/6) Updating the desktop file MIME type cache...
[1A[K[32m[OK][m xdg-desktop-portal-hyprland was installed.
